INFO 2025-03-25 23:21:59,907 autoreload Watching for file changes with StatReloader
INFO 2025-03-25 23:24:32,785 autoreload /opt/app/informs/informs/settings.py changed, reloading.
INFO 2025-03-25 23:24:33,713 autoreload Watching for file changes with StatReloader
INFO 2025-03-25 23:24:41,923 autoreload /opt/app/informs/informs/settings.py changed, reloading.
INFO 2025-03-25 23:24:42,767 autoreload Watching for file changes with StatReloader
INFO 2025-03-25 23:24:54,006 autoreload /opt/app/informs/informs/settings.py changed, reloading.
INFO 2025-03-25 23:24:54,848 autoreload Watching for file changes with StatReloader
INFO 2025-03-25 23:25:56,311 autoreload /opt/app/informs/informs/settings.py changed, reloading.
INFO 2025-03-25 23:25:57,183 autoreload Watching for file changes with StatReloader
INFO 2025-03-25 23:32:21,328 autoreload Watching for file changes with StatReloader
INFO 2025-03-25 23:34:16,108 basehttp "GET / HTTP/1.0" 200 18488
INFO 2025-03-25 23:34:16,521 basehttp "POST /tz_detect/set/ HTTP/1.0" 200 2
INFO 2025-03-25 23:34:18,439 basehttp "GET /accounts/login/ HTTP/1.0" 200 17710
INFO 2025-03-25 23:34:24,603 basehttp "POST /accounts/login/?next= HTTP/1.0" 302 0
INFO 2025-03-25 23:34:24,743 basehttp "GET / HTTP/1.0" 200 24771
INFO 2025-03-25 23:35:22,567 autoreload /opt/app/informs/informs/settings.py changed, reloading.
INFO 2025-03-25 23:37:07,691 autoreload Watching for file changes with StatReloader
INFO 2025-03-25 23:45:18,823 autoreload /opt/app/informs/aidrequests/views/aid_request_list.py changed, reloading.
INFO 2025-03-25 23:45:19,800 autoreload Watching for file changes with StatReloader
INFO 2025-03-25 23:48:20,591 autoreload Watching for file changes with StatReloader
INFO 2025-03-25 23:50:20,862 autoreload /opt/app/informs/aidrequests/views/aid_request_list.py changed, reloading.
INFO 2025-03-25 23:50:21,830 autoreload Watching for file changes with StatReloader
INFO 2025-03-25 23:52:09,938 basehttp "GET / HTTP/1.0" 200 18488
INFO 2025-03-25 23:52:10,208 basehttp "POST /tz_detect/set/ HTTP/1.0" 200 2
INFO 2025-03-25 23:52:11,864 basehttp "GET /accounts/login/ HTTP/1.0" 200 17710
INFO 2025-03-25 23:52:27,281 basehttp "POST /accounts/login/?next= HTTP/1.0" 302 0
INFO 2025-03-25 23:52:27,400 basehttp "GET / HTTP/1.0" 200 24771
ERROR 2025-03-25 23:52:48,316 log Internal Server Error: /parhamcomet24/aidrequest/list/
Traceback (most recent call last):
  File "/usr/local/lib/python3.12/site-packages/django/core/handlers/exception.py", line 55, in inner
    response = get_response(request)
               ^^^^^^^^^^^^^^^^^^^^^
  File "/usr/local/lib/python3.12/site-packages/django/core/handlers/base.py", line 197, in _get_response
    response = wrapped_callback(request, *callback_args, **callback_kwargs)
               ^^^^^^^^^^^^^^^^^^^^^^^^^^^^^^^^^^^^^^^^^^^^^^^^^^^^^^^^^^^^
  File "/usr/local/lib/python3.12/site-packages/django/views/generic/base.py", line 104, in view
    return self.dispatch(request, *args, **kwargs)
           ^^^^^^^^^^^^^^^^^^^^^^^^^^^^^^^^^^^^^^^
  File "/usr/local/lib/python3.12/site-packages/django/contrib/auth/mixins.py", line 73, in dispatch
    return super().dispatch(request, *args, **kwargs)
           ^^^^^^^^^^^^^^^^^^^^^^^^^^^^^^^^^^^^^^^^^^
  File "/usr/local/lib/python3.12/site-packages/django/contrib/auth/mixins.py", line 109, in dispatch
    return super().dispatch(request, *args, **kwargs)
           ^^^^^^^^^^^^^^^^^^^^^^^^^^^^^^^^^^^^^^^^^^
  File "/usr/local/lib/python3.12/site-packages/django/views/generic/base.py", line 143, in dispatch
    return handler(request, *args, **kwargs)
           ^^^^^^^^^^^^^^^^^^^^^^^^^^^^^^^^^
  File "/usr/local/lib/python3.12/site-packages/django_filters/views.py", line 85, in get
    context = self.get_context_data(
              ^^^^^^^^^^^^^^^^^^^^^^
  File "/opt/app/informs/aidrequests/views/aid_request_list.py", line 151, in get_context_data
    context['aid_requests_json'] = json.dumps(aid_requests_data)
                                   ^^^^^^^^^^^^^^^^^^^^^^^^^^^^^
  File "/usr/local/lib/python3.12/json/__init__.py", line 231, in dumps
    return _default_encoder.encode(obj)
           ^^^^^^^^^^^^^^^^^^^^^^^^^^^^
  File "/usr/local/lib/python3.12/json/encoder.py", line 200, in encode
    chunks = self.iterencode(o, _one_shot=True)
             ^^^^^^^^^^^^^^^^^^^^^^^^^^^^^^^^^^
  File "/usr/local/lib/python3.12/json/encoder.py", line 258, in iterencode
    return _iterencode(o, 0)
           ^^^^^^^^^^^^^^^^^
  File "/usr/local/lib/python3.12/json/encoder.py", line 180, in default
    raise TypeError(f'Object of type {o.__class__.__name__} '
TypeError: Object of type Decimal is not JSON serializable
ERROR 2025-03-25 23:52:48,603 basehttp "GET /parhamcomet24/aidrequest/list/ HTTP/1.0" 500 168542
ERROR 2025-03-25 23:52:58,111 log Internal Server Error: /parhamcomet24/aidrequest/list/
Traceback (most recent call last):
  File "/usr/local/lib/python3.12/site-packages/django/core/handlers/exception.py", line 55, in inner
    response = get_response(request)
               ^^^^^^^^^^^^^^^^^^^^^
  File "/usr/local/lib/python3.12/site-packages/django/core/handlers/base.py", line 197, in _get_response
    response = wrapped_callback(request, *callback_args, **callback_kwargs)
               ^^^^^^^^^^^^^^^^^^^^^^^^^^^^^^^^^^^^^^^^^^^^^^^^^^^^^^^^^^^^
  File "/usr/local/lib/python3.12/site-packages/django/views/generic/base.py", line 104, in view
    return self.dispatch(request, *args, **kwargs)
           ^^^^^^^^^^^^^^^^^^^^^^^^^^^^^^^^^^^^^^^
  File "/usr/local/lib/python3.12/site-packages/django/contrib/auth/mixins.py", line 73, in dispatch
    return super().dispatch(request, *args, **kwargs)
           ^^^^^^^^^^^^^^^^^^^^^^^^^^^^^^^^^^^^^^^^^^
  File "/usr/local/lib/python3.12/site-packages/django/contrib/auth/mixins.py", line 109, in dispatch
    return super().dispatch(request, *args, **kwargs)
           ^^^^^^^^^^^^^^^^^^^^^^^^^^^^^^^^^^^^^^^^^^
  File "/usr/local/lib/python3.12/site-packages/django/views/generic/base.py", line 143, in dispatch
    return handler(request, *args, **kwargs)
           ^^^^^^^^^^^^^^^^^^^^^^^^^^^^^^^^^
  File "/usr/local/lib/python3.12/site-packages/django_filters/views.py", line 85, in get
    context = self.get_context_data(
              ^^^^^^^^^^^^^^^^^^^^^^
  File "/opt/app/informs/aidrequests/views/aid_request_list.py", line 151, in get_context_data
    context['aid_requests_json'] = json.dumps(aid_requests_data)
                                   ^^^^^^^^^^^^^^^^^^^^^^^^^^^^^
  File "/usr/local/lib/python3.12/json/__init__.py", line 231, in dumps
    return _default_encoder.encode(obj)
           ^^^^^^^^^^^^^^^^^^^^^^^^^^^^
  File "/usr/local/lib/python3.12/json/encoder.py", line 200, in encode
    chunks = self.iterencode(o, _one_shot=True)
             ^^^^^^^^^^^^^^^^^^^^^^^^^^^^^^^^^^
  File "/usr/local/lib/python3.12/json/encoder.py", line 258, in iterencode
    return _iterencode(o, 0)
           ^^^^^^^^^^^^^^^^^
  File "/usr/local/lib/python3.12/json/encoder.py", line 180, in default
    raise TypeError(f'Object of type {o.__class__.__name__} '
TypeError: Object of type Decimal is not JSON serializable
ERROR 2025-03-25 23:52:58,284 basehttp "GET /parhamcomet24/aidrequest/list/ HTTP/1.0" 500 168384
INFO 2025-03-25 23:53:55,842 autoreload /opt/app/informs/aidrequests/views/aid_request_list.py changed, reloading.
INFO 2025-03-25 23:53:56,841 autoreload Watching for file changes with StatReloader
INFO 2025-03-25 23:54:05,649 autoreload /opt/app/informs/aidrequests/views/aid_request_list.py changed, reloading.
INFO 2025-03-25 23:54:06,622 autoreload Watching for file changes with StatReloader
INFO 2025-03-25 23:54:41,749 autoreload /opt/app/informs/aidrequests/views/aid_request_list.py changed, reloading.
INFO 2025-03-25 23:54:42,721 autoreload Watching for file changes with StatReloader
INFO 2025-03-25 23:55:59,469 autoreload Watching for file changes with StatReloader
INFO 2025-03-25 23:57:41,654 autoreload Watching for file changes with StatReloader
INFO 2025-03-25 23:59:39,741 autoreload Watching for file changes with StatReloader
INFO 2025-03-26 00:00:19,905 autoreload Watching for file changes with StatReloader
INFO 2025-03-26 00:00:39,369 basehttp "GET /parhamcomet24/aidrequest/list/ HTTP/1.0" 302 0
INFO 2025-03-26 00:00:39,457 basehttp "GET /accounts/login/?next=/parhamcomet24/aidrequest/list/ HTTP/1.0" 200 18267
INFO 2025-03-26 00:00:39,758 basehttp "POST /tz_detect/set/ HTTP/1.0" 200 2
INFO 2025-03-26 00:00:47,820 basehttp "POST /accounts/login/?next=/parhamcomet24/aidrequest/list/ HTTP/1.0" 302 0
INFO 2025-03-26 00:00:48,666 basehttp "GET /parhamcomet24/aidrequest/list/ HTTP/1.0" 200 41821
INFO 2025-03-26 00:02:40,233 autoreload /opt/app/informs/aidrequests/views/aid_request_list.py changed, reloading.
INFO 2025-03-26 00:02:41,215 autoreload Watching for file changes with StatReloader
INFO 2025-03-26 00:02:42,604 basehttp "GET /admin/ HTTP/1.0" 200 32030
INFO 2025-03-26 00:02:52,046 autoreload /opt/app/informs/aidrequests/views/aid_request_list.py changed, reloading.
INFO 2025-03-26 00:02:53,034 autoreload Watching for file changes with StatReloader
INFO 2025-03-26 00:02:54,915 basehttp "GET /admin/aidrequests/aidrequest/ HTTP/1.0" 200 68709
INFO 2025-03-26 00:02:55,091 basehttp "GET /admin/jsi18n/ HTTP/1.0" 200 3342
INFO 2025-03-26 00:03:07,461 autoreload Watching for file changes with StatReloader
INFO 2025-03-26 00:03:20,900 basehttp "GET /admin/aidrequests/aidtype/ HTTP/1.0" 200 31930
INFO 2025-03-26 00:03:21,061 basehttp "GET /admin/jsi18n/ HTTP/1.0" 200 3342
INFO 2025-03-26 00:03:55,832 autoreload /opt/app/informs/aidrequests/views/aid_request_list.py changed, reloading.
INFO 2025-03-26 00:03:56,823 autoreload Watching for file changes with StatReloader
INFO 2025-03-26 00:04:04,594 autoreload /opt/app/informs/aidrequests/views/aid_request_list.py changed, reloading.
INFO 2025-03-26 00:04:05,574 autoreload Watching for file changes with StatReloader
INFO 2025-03-26 00:04:14,365 autoreload /opt/app/informs/aidrequests/views/aid_request_list.py changed, reloading.
INFO 2025-03-26 00:04:15,335 autoreload Watching for file changes with StatReloader
INFO 2025-03-26 00:04:22,097 autoreload /opt/app/informs/aidrequests/views/aid_request_list.py changed, reloading.
INFO 2025-03-26 00:04:23,069 autoreload Watching for file changes with StatReloader
INFO 2025-03-26 00:04:30,828 autoreload /opt/app/informs/aidrequests/views/aid_request_list.py changed, reloading.
INFO 2025-03-26 00:04:31,805 autoreload Watching for file changes with StatReloader
INFO 2025-03-26 00:08:45,893 autoreload /opt/app/informs/aidrequests/views/aid_request_list.py changed, reloading.
INFO 2025-03-26 00:08:50,788 autoreload Watching for file changes with StatReloader
INFO 2025-03-26 00:09:20,879 basehttp "GET /parhamcomet24/aidrequest/list/ HTTP/1.0" 200 41821
INFO 2025-03-26 00:09:39,385 basehttp "GET /parhamcomet24/aidrequest/list/ HTTP/1.0" 200 41821
INFO 2025-03-26 00:10:03,564 basehttp "GET /parhamcomet24/aidrequest/list/ HTTP/1.0" 200 41821
INFO 2025-03-26 00:12:59,092 autoreload Watching for file changes with StatReloader
INFO 2025-03-26 00:13:21,058 autoreload /opt/app/informs/aidrequests/views/aid_request_list.py changed, reloading.
INFO 2025-03-26 00:13:22,040 autoreload Watching for file changes with StatReloader
INFO 2025-03-26 00:13:32,626 autoreload Watching for file changes with StatReloader
INFO 2025-03-26 00:14:59,215 basehttp "GET /parhamcomet24/aidrequest/list/ HTTP/1.0" 200 41821
INFO 2025-03-26 00:15:06,501 basehttp "GET /parhamcomet24/aidrequest/list/ HTTP/1.0" 200 41821
INFO 2025-03-26 00:15:16,654 basehttp "GET /parhamcomet24/aidrequest/list/ HTTP/1.0" 200 41821
INFO 2025-03-26 00:17:11,650 autoreload Watching for file changes with StatReloader
INFO 2025-03-26 00:17:43,438 basehttp "GET /parhamcomet24/aidrequest/list/ HTTP/1.0" 200 43561
INFO 2025-03-26 00:22:19,601 autoreload Watching for file changes with StatReloader
INFO 2025-03-26 00:22:50,373 basehttp "GET /parhamcomet24/aidrequest/list/ HTTP/1.0" 200 43560
INFO 2025-03-26 00:24:38,670 basehttp "GET /parhamcomet24/aidrequest/list/ HTTP/1.0" 200 43560
INFO 2025-03-26 00:24:54,286 basehttp "GET /parhamcomet24/aidrequest/list/ HTTP/1.0" 200 43560
INFO 2025-03-26 00:26:16,646 autoreload Watching for file changes with StatReloader
WARNING 2025-03-26 00:26:18,574 log Bad Request: /ab2g
WARNING 2025-03-26 00:26:18,575 basehttp "GET /ab2g HTTP/1.0" 400 71832
WARNING 2025-03-26 00:26:19,759 log Bad Request: /ab2h
WARNING 2025-03-26 00:26:19,759 basehttp "GET /ab2h HTTP/1.0" 400 71832
WARNING 2025-03-26 00:26:21,034 log Bad Request: /alive.php
WARNING 2025-03-26 00:26:21,034 basehttp "GET /alive.php HTTP/1.0" 400 72099
WARNING 2025-03-26 00:26:26,019 log Bad Request: /
WARNING 2025-03-26 00:26:26,020 basehttp "GET / HTTP/1.0" 400 72096
WARNING 2025-03-26 00:26:27,539 log Bad Request: /t4
WARNING 2025-03-26 00:26:27,539 basehttp "GET /t4 HTTP/1.0" 400 71790
WARNING 2025-03-26 00:26:29,879 log Bad Request: /
WARNING 2025-03-26 00:26:29,879 basehttp "GET / HTTP/1.0" 400 72410
WARNING 2025-03-26 00:26:30,959 log Bad Request: /teorema505
WARNING 2025-03-26 00:26:30,960 basehttp "GET /teorema505?t=1 HTTP/1.0" 400 72444
INFO 2025-03-26 00:28:06,597 basehttp "GET /parhamcomet24/aidrequest/list/ HTTP/1.0" 200 43560
INFO 2025-03-26 00:31:52,022 autoreload Watching for file changes with StatReloader
INFO 2025-03-26 00:32:06,991 basehttp "GET /parhamcomet24/aidrequest/list/ HTTP/1.0" 200 43560
WARNING 2025-03-26 00:32:41,593 log Bad Request: /.env
WARNING 2025-03-26 00:32:41,593 basehttp "GET /.env HTTP/1.0" 400 71847
INFO 2025-03-26 00:32:42,882 basehttp "GET /parhamcomet24/aidrequest/list/ HTTP/1.0" 200 43560
WARNING 2025-03-26 00:33:08,891 log Bad Request: /Dev/.env
WARNING 2025-03-26 00:33:08,892 basehttp "GET /Dev/.env HTTP/1.0" 400 71799
WARNING 2025-03-26 00:33:12,650 log Bad Request: /secrets.env
WARNING 2025-03-26 00:33:12,650 basehttp "GET /secrets.env HTTP/1.0" 400 72036
WARNING 2025-03-26 00:33:17,658 log Bad Request: /test/.env
WARNING 2025-03-26 00:33:17,659 basehttp "GET /test/.env HTTP/1.0" 400 71856
WARNING 2025-03-26 00:33:21,995 log Bad Request: /blogs/.env
WARNING 2025-03-26 00:33:21,996 basehttp "GET /blogs/.env HTTP/1.0" 400 72089
WARNING 2025-03-26 00:33:24,692 log Bad Request: /client/.env
WARNING 2025-03-26 00:33:24,692 basehttp "GET /client/.env HTTP/1.0" 400 72034
WARNING 2025-03-26 00:33:30,735 log Bad Request: /templates/.env
WARNING 2025-03-26 00:33:30,736 basehttp "GET /templates/.env HTTP/1.0" 400 71967
WARNING 2025-03-26 00:33:33,321 log Bad Request: /saas/.env
WARNING 2025-03-26 00:33:33,322 basehttp "GET /saas/.env HTTP/1.0" 400 71946
WARNING 2025-03-26 00:33:38,893 log Bad Request: /content/.env
WARNING 2025-03-26 00:33:38,893 basehttp "GET /content/.env HTTP/1.0" 400 71953
INFO 2025-03-26 00:34:12,097 autoreload /opt/app/informs/aidrequests/views/aid_request_list.py changed, reloading.
INFO 2025-03-26 00:34:13,509 autoreload Watching for file changes with StatReloader
INFO 2025-03-26 00:34:51,684 autoreload /opt/app/informs/aidrequests/views/aid_request_list.py changed, reloading.
INFO 2025-03-26 00:34:56,826 autoreload Watching for file changes with StatReloader
INFO 2025-03-26 00:34:58,802 basehttp "GET /parhamcomet24/aidrequest/list/ HTTP/1.0" 200 47570
INFO 2025-03-26 00:35:46,520 basehttp "GET /parhamcomet24/aidrequest/list/ HTTP/1.0" 200 47570
INFO 2025-03-26 01:06:10,204 basehttp "GET /parhamcomet24/aidrequest/list/ HTTP/1.0" 200 47570
INFO 2025-03-26 01:06:20,246 autoreload Watching for file changes with StatReloader
INFO 2025-03-26 01:10:44,315 basehttp "GET /parhamcomet24/aidrequest/list/ HTTP/1.0" 200 47264
INFO 2025-03-26 01:11:19,893 basehttp "GET /parhamcomet24/aidrequest/list/ HTTP/1.0" 200 47264
WARNING 2025-03-26 01:13:41,878 log Bad Request: /.env
WARNING 2025-03-26 01:13:41,878 basehttp "GET /.env HTTP/1.0" 400 72205
WARNING 2025-03-26 01:17:50,269 log Bad Request: /.env
WARNING 2025-03-26 01:17:50,269 basehttp "GET /.env HTTP/1.0" 400 71965
WARNING 2025-03-26 01:18:09,552 log Bad Request: /web/debug/default/view
WARNING 2025-03-26 01:18:09,553 basehttp "GET /web/debug/default/view HTTP/1.0" 400 72001
WARNING 2025-03-26 01:18:28,420 log Bad Request: /server/.env
WARNING 2025-03-26 01:18:28,420 basehttp "GET /server/.env HTTP/1.0" 400 72000
WARNING 2025-03-26 01:18:31,303 log Bad Request: /media/.env
WARNING 2025-03-26 01:18:31,303 basehttp "GET /media/.env HTTP/1.0" 400 71940
INFO 2025-03-26 01:19:38,753 autoreload /opt/app/informs/informs/settings.py changed, reloading.
INFO 2025-03-26 01:19:39,779 autoreload Watching for file changes with StatReloader
WARNING 2025-03-26 01:20:21,646 log Bad Request: /config/.env
WARNING 2025-03-26 01:20:21,646 basehttp "GET /config/.env HTTP/1.0" 400 72438
INFO 2025-03-26 01:20:53,528 autoreload /opt/app/informs/informs/settings.py changed, reloading.
INFO 2025-03-26 01:20:54,525 autoreload Watching for file changes with StatReloader
INFO 2025-03-26 01:20:59,286 basehttp "GET /parhamcomet24/aidrequest/list/ HTTP/1.0" 200 47419
INFO 2025-03-26 01:21:34,457 basehttp "GET /parhamcomet24/aidrequest/list/ HTTP/1.0" 200 47419
INFO 2025-03-26 01:22:43,563 autoreload Watching for file changes with StatReloader
INFO 2025-03-26 01:23:41,493 basehttp "GET /parhamcomet24/aidrequest/list/ HTTP/1.0" 200 47419
INFO 2025-03-26 01:24:13,859 basehttp "GET /parhamcomet24/aidrequest/list/ HTTP/1.0" 200 47419
INFO 2025-03-26 01:25:37,561 basehttp "GET /parhamcomet24/aidrequest/list/ HTTP/1.0" 200 47419
INFO 2025-03-26 01:30:37,326 basehttp "GET /parhamcomet24/aidrequest/list/ HTTP/1.0" 200 47434
INFO 2025-03-26 01:30:53,422 autoreload Watching for file changes with StatReloader
INFO 2025-03-26 01:30:54,675 basehttp "GET /parhamcomet24/aidrequest/list/ HTTP/1.0" 200 47434
